# JRE version: OpenJDK Runtime Environment Temurin-21.0.7+6 (21.0.7+6) (build 21.0.7+6-LTS)
# Java VM: OpenJDK 64-Bit Server VM Temurin-21.0.7+6 (21.0.7+6-LTS, mixed mode, sharing, tiered, compressed oops, compressed class ptrs, parallel gc, windows-amd64)
GC Precious Log:
 CardTable entry size: 512
 CPUs: 4 total, 4 available
 Memory: 8083M
 Large Page Support: Disabled
 NUMA Support: Disabled
 Compressed Oops: Enabled (32-bit)
 Alignments: Space 512K, Generation 512K, Heap 2M
 Heap Min Capacity: 100M
 Heap Initial Capacity: 100M
 Heap Max Capacity: 1G
 Pre-touch: Disabled
 Parallel Workers: 4
Heap:
 PSYoungGen      total 10240K, used 3377K [0x00000000eab00000, 0x00000000eb700000, 0x0000000100000000)
  eden space 9216K, 26% used [0x00000000eab00000,0x00000000ead5e7d0,0x00000000eb400000)
  from space 1024K, 92% used [0x00000000eb400000,0x00000000eb4edff0,0x00000000eb500000)
  to   space 1536K, 0% used [0x00000000eb580000,0x00000000eb580000,0x00000000eb700000)
 ParOldGen       total 453632K, used 453321K [0x00000000c0000000, 0x00000000dbb00000, 0x00000000eab00000)
  object space 453632K, 99% used [0x00000000c0000000,0x00000000dbab26a8,0x00000000dbb00000)
 Metaspace       used 68810K, committed 70400K, reserved 1114112K
  class space    used 7190K, committed 7872K, reserved 1048576K
GC Heap History (20 events):
Event: 77.644 GC heap before
{Heap before GC invocations=548 (full 3):
 PSYoungGen      total 13312K, used 13033K [0x00000000eab00000, 0x00000000ebb00000, 0x0000000100000000)
  eden space 10752K, 100% used [0x00000000eab00000,0x00000000eb580000,0x00000000eb580000)
  from space 2560K, 89% used [0x00000000eb880000,0x00000000ebaba500,0x00000000ebb00000)
  to   space 2560K, 0% used [0x00000000eb600000,0x00000000eb600000,0x00000000eb880000)
 ParOldGen       total 441856K, used 441743K [0x00000000c0000000, 0x00000000daf80000, 0x00000000eab00000)
  object space 441856K, 99% used [0x00000000c0000000,0x00000000daf63ca0,0x00000000daf80000)
 Metaspace       used 68795K, committed 70336K, reserved 1114112K
  class space    used 7189K, committed 7872K, reserved 1048576K
}
Event: 77.649 GC heap after
{Heap after GC invocations=548 (full 3):
 PSYoungGen      total 12288K, used 1421K [0x00000000eab00000, 0x00000000eb980000, 0x0000000100000000)
  eden space 10752K, 0% used [0x00000000eab00000,0x00000000eab00000,0x00000000eb580000)
  from space 1536K, 92% used [0x00000000eb600000,0x00000000eb763470,0x00000000eb780000)
  to   space 2048K, 0% used [0x00000000eb780000,0x00000000eb780000,0x00000000eb980000)
 ParOldGen       total 442880K, used 442783K [0x00000000c0000000, 0x00000000db080000, 0x00000000eab00000)
  object space 442880K, 99% used [0x00000000c0000000,0x00000000db067ca0,0x00000000db080000)
 Metaspace       used 68795K, committed 70336K, reserved 1114112K
  class space    used 7189K, committed 7872K, reserved 1048576K
}
Event: 77.772 GC heap before
{Heap before GC invocations=549 (full 3):
 PSYoungGen      total 12288K, used 12173K [0x00000000eab00000, 0x00000000eb980000, 0x0000000100000000)
  eden space 10752K, 100% used [0x00000000eab00000,0x00000000eb580000,0x00000000eb580000)
  from space 1536K, 92% used [0x00000000eb600000,0x00000000eb763470,0x00000000eb780000)
  to   space 2048K, 0% used [0x00000000eb780000,0x00000000eb780000,0x00000000eb980000)
 ParOldGen       total 442880K, used 442783K [0x00000000c0000000, 0x00000000db080000, 0x00000000eab00000)
  object space 442880K, 99% used [0x00000000c0000000,0x00000000db067ca0,0x00000000db080000)
 Metaspace       used 68795K, committed 70336K, reserved 1114112K
  class space    used 7189K, committed 7872K, reserved 1048576K
}
Event: 77.777 GC heap after
{Heap after GC invocations=549 (full 3):
 PSYoungGen      total 12288K, used 1366K [0x00000000eab00000, 0x00000000eb900000, 0x0000000100000000)
  eden space 10752K, 0% used [0x00000000eab00000,0x00000000eab00000,0x00000000eb580000)
  from space 1536K, 88% used [0x00000000eb780000,0x00000000eb8d5808,0x00000000eb900000)
  to   space 1536K, 0% used [0x00000000eb600000,0x00000000eb600000,0x00000000eb780000)
 ParOldGen       total 444416K, used 444083K [0x00000000c0000000, 0x00000000db200000, 0x00000000eab00000)
  object space 444416K, 99% used [0x00000000c0000000,0x00000000db1ace50,0x00000000db200000)
 Metaspace       used 68795K, committed 70336K, reserved 1114112K
  class space    used 7189K, committed 7872K, reserved 1048576K
}
Event: 77.863 GC heap before
{Heap before GC invocations=550 (full 3):
 PSYoungGen      total 12288K, used 12118K [0x00000000eab00000, 0x00000000eb900000, 0x0000000100000000)
  eden space 10752K, 100% used [0x00000000eab00000,0x00000000eb580000,0x00000000eb580000)
  from space 1536K, 88% used [0x00000000eb780000,0x00000000eb8d5808,0x00000000eb900000)
  to   space 1536K, 0% used [0x00000000eb600000,0x00000000eb600000,0x00000000eb780000)
 ParOldGen       total 444416K, used 444083K [0x00000000c0000000, 0x00000000db200000, 0x00000000eab00000)
  object space 444416K, 99% used [0x00000000c0000000,0x00000000db1ace50,0x00000000db200000)
 Metaspace       used 68795K, committed 70336K, reserved 1114112K
  class space    used 7189K, committed 7872K, reserved 1048576K
}
Event: 77.867 GC heap after
{Heap after GC invocations=550 (full 3):
 PSYoungGen      total 12288K, used 1420K [0x00000000eab00000, 0x00000000eb880000, 0x0000000100000000)
  eden space 10752K, 0% used [0x00000000eab00000,0x00000000eab00000,0x00000000eb580000)
  from space 1536K, 92% used [0x00000000eb600000,0x00000000eb763008,0x00000000eb780000)
  to   space 1024K, 0% used [0x00000000eb780000,0x00000000eb780000,0x00000000eb880000)
 ParOldGen       total 445440K, used 445283K [0x00000000c0000000, 0x00000000db300000, 0x00000000eab00000)
  object space 445440K, 99% used [0x00000000c0000000,0x00000000db2d8e50,0x00000000db300000)
 Metaspace       used 68795K, committed 70336K, reserved 1114112K
  class space    used 7189K, committed 7872K, reserved 1048576K
}
Event: 77.959 GC heap before
{Heap before GC invocations=551 (full 3):
 PSYoungGen      total 12288K, used 12172K [0x00000000eab00000, 0x00000000eb880000, 0x0000000100000000)
  eden space 10752K, 100% used [0x00000000eab00000,0x00000000eb580000,0x00000000eb580000)
  from space 1536K, 92% used [0x00000000eb600000,0x00000000eb763008,0x00000000eb780000)
  to   space 1024K, 0% used [0x00000000eb780000,0x00000000eb780000,0x00000000eb880000)
 ParOldGen       total 445440K, used 445283K [0x00000000c0000000, 0x00000000db300000, 0x00000000eab00000)
  object space 445440K, 99% used [0x00000000c0000000,0x00000000db2d8e50,0x00000000db300000)
 Metaspace       used 68795K, committed 70336K, reserved 1114112K
  class space    used 7189K, committed 7872K, reserved 1048576K
}
Event: 77.964 GC heap after
{Heap after GC invocations=551 (full 3):
 PSYoungGen      total 10752K, used 1024K [0x00000000eab00000, 0x00000000ebb80000, 0x0000000100000000)
  eden space 9728K, 0% used [0x00000000eab00000,0x00000000eab00000,0x00000000eb480000)
  from space 1024K, 100% used [0x00000000eb780000,0x00000000eb880000,0x00000000eb880000)
  to   space 3072K, 0% used [0x00000000eb480000,0x00000000eb480000,0x00000000eb780000)
 ParOldGen       total 446976K, used 446870K [0x00000000c0000000, 0x00000000db480000, 0x00000000eab00000)
  object space 446976K, 99% used [0x00000000c0000000,0x00000000db465960,0x00000000db480000)
 Metaspace       used 68795K, committed 70336K, reserved 1114112K
  class space    used 7189K, committed 7872K, reserved 1048576K
}
Event: 78.044 GC heap before
{Heap before GC invocations=552 (full 3):
 PSYoungGen      total 10752K, used 10752K [0x00000000eab00000, 0x00000000ebb80000, 0x0000000100000000)
  eden space 9728K, 100% used [0x00000000eab00000,0x00000000eb480000,0x00000000eb480000)
  from space 1024K, 100% used [0x00000000eb780000,0x00000000eb880000,0x00000000eb880000)
  to   space 3072K, 0% used [0x00000000eb480000,0x00000000eb480000,0x00000000eb780000)
 ParOldGen       total 446976K, used 446870K [0x00000000c0000000, 0x00000000db480000, 0x00000000eab00000)
  object space 446976K, 99% used [0x00000000c0000000,0x00000000db465960,0x00000000db480000)
 Metaspace       used 68795K, committed 70336K, reserved 1114112K
  class space    used 7189K, committed 7872K, reserved 1048576K
}
Event: 78.048 GC heap after
{Heap after GC invocations=552 (full 3):
 PSYoungGen      total 11264K, used 1432K [0x00000000eab00000, 0x00000000eb880000, 0x0000000100000000)
  eden space 9728K, 0% used [0x00000000eab00000,0x00000000eab00000,0x00000000eb480000)
  from space 1536K, 93% used [0x00000000eb480000,0x00000000eb5e6008,0x00000000eb600000)
  to   space 2048K, 0% used [0x00000000eb680000,0x00000000eb680000,0x00000000eb880000)
 ParOldGen       total 448000K, used 447862K [0x00000000c0000000, 0x00000000db580000, 0x00000000eab00000)
  object space 448000K, 99% used [0x00000000c0000000,0x00000000db55d960,0x00000000db580000)
 Metaspace       used 68795K, committed 70336K, reserved 1114112K
  class space    used 7189K, committed 7872K, reserved 1048576K
}
Event: 78.127 GC heap before
{Heap before GC invocations=553 (full 3):
 PSYoungGen      total 11264K, used 11160K [0x00000000eab00000, 0x00000000eb880000, 0x0000000100000000)
  eden space 9728K, 100% used [0x00000000eab00000,0x00000000eb480000,0x00000000eb480000)
  from space 1536K, 93% used [0x00000000eb480000,0x00000000eb5e6008,0x00000000eb600000)
  to   space 2048K, 0% used [0x00000000eb680000,0x00000000eb680000,0x00000000eb880000)
 ParOldGen       total 448000K, used 447862K [0x00000000c0000000, 0x00000000db580000, 0x00000000eab00000)
  object space 448000K, 99% used [0x00000000c0000000,0x00000000db55d960,0x00000000db580000)
 Metaspace       used 68795K, committed 70336K, reserved 1114112K
  class space    used 7189K, committed 7872K, reserved 1048576K
}
Event: 78.131 GC heap after
{Heap after GC invocations=553 (full 3):
 PSYoungGen      total 11264K, used 1184K [0x00000000eab00000, 0x00000000eb800000, 0x0000000100000000)
  eden space 9728K, 0% used [0x00000000eab00000,0x00000000eab00000,0x00000000eb480000)
  from space 1536K, 77% used [0x00000000eb680000,0x00000000eb7a8000,0x00000000eb800000)
  to   space 1536K, 0% used [0x00000000eb480000,0x00000000eb480000,0x00000000eb600000)
 ParOldGen       total 449536K, used 449206K [0x00000000c0000000, 0x00000000db700000, 0x00000000eab00000)
  object space 449536K, 99% used [0x00000000c0000000,0x00000000db6ad968,0x00000000db700000)
 Metaspace       used 68795K, committed 70336K, reserved 1114112K
  class space    used 7189K, committed 7872K, reserved 1048576K
}
Event: 78.254 GC heap before
{Heap before GC invocations=554 (full 3):
 PSYoungGen      total 11264K, used 10912K [0x00000000eab00000, 0x00000000eb800000, 0x0000000100000000)
  eden space 9728K, 100% used [0x00000000eab00000,0x00000000eb480000,0x00000000eb480000)
  from space 1536K, 77% used [0x00000000eb680000,0x00000000eb7a8000,0x00000000eb800000)
  to   space 1536K, 0% used [0x00000000eb480000,0x00000000eb480000,0x00000000eb600000)
 ParOldGen       total 449536K, used 449206K [0x00000000c0000000, 0x00000000db700000, 0x00000000eab00000)
  object space 449536K, 99% used [0x00000000c0000000,0x00000000db6ad968,0x00000000db700000)
 Metaspace       used 68795K, committed 70336K, reserved 1114112K
  class space    used 7189K, committed 7872K, reserved 1048576K
}
Event: 78.258 GC heap after
{Heap after GC invocations=554 (full 3):
 PSYoungGen      total 11264K, used 1248K [0x00000000eab00000, 0x00000000eb780000, 0x0000000100000000)
  eden space 9728K, 0% used [0x00000000eab00000,0x00000000eab00000,0x00000000eb480000)
  from space 1536K, 81% used [0x00000000eb480000,0x00000000eb5b8000,0x00000000eb600000)
  to   space 1536K, 0% used [0x00000000eb600000,0x00000000eb600000,0x00000000eb780000)
 ParOldGen       total 450560K, used 450305K [0x00000000c0000000, 0x00000000db800000, 0x00000000eab00000)
  object space 450560K, 99% used [0x00000000c0000000,0x00000000db7c0578,0x00000000db800000)
 Metaspace       used 68795K, committed 70336K, reserved 1114112K
  class space    used 7189K, committed 7872K, reserved 1048576K
}
Event: 78.508 GC heap before
{Heap before GC invocations=555 (full 3):
 PSYoungGen      total 11264K, used 10976K [0x00000000eab00000, 0x00000000eb780000, 0x0000000100000000)
  eden space 9728K, 100% used [0x00000000eab00000,0x00000000eb480000,0x00000000eb480000)
  from space 1536K, 81% used [0x00000000eb480000,0x00000000eb5b8000,0x00000000eb600000)
  to   space 1536K, 0% used [0x00000000eb600000,0x00000000eb600000,0x00000000eb780000)
 ParOldGen       total 450560K, used 450305K [0x00000000c0000000, 0x00000000db800000, 0x00000000eab00000)
  object space 450560K, 99% used [0x00000000c0000000,0x00000000db7c0578,0x00000000db800000)
 Metaspace       used 68796K, committed 70336K, reserved 1114112K
  class space    used 7189K, committed 7872K, reserved 1048576K
}
Event: 78.512 GC heap after
{Heap after GC invocations=555 (full 3):
 PSYoungGen      total 10752K, used 795K [0x00000000eab00000, 0x00000000eb700000, 0x0000000100000000)
  eden space 9728K, 0% used [0x00000000eab00000,0x00000000eab00000,0x00000000eb480000)
  from space 1024K, 77% used [0x00000000eb600000,0x00000000eb6c6c08,0x00000000eb700000)
  to   space 1024K, 0% used [0x00000000eb500000,0x00000000eb500000,0x00000000eb600000)
 ParOldGen       total 451584K, used 451425K [0x00000000c0000000, 0x00000000db900000, 0x00000000eab00000)
  object space 451584K, 99% used [0x00000000c0000000,0x00000000db8d8578,0x00000000db900000)
 Metaspace       used 68796K, committed 70336K, reserved 1114112K
  class space    used 7189K, committed 7872K, reserved 1048576K
}
Event: 78.648 GC heap before
{Heap before GC invocations=556 (full 3):
 PSYoungGen      total 10752K, used 10523K [0x00000000eab00000, 0x00000000eb700000, 0x0000000100000000)
  eden space 9728K, 100% used [0x00000000eab00000,0x00000000eb480000,0x00000000eb480000)
  from space 1024K, 77% used [0x00000000eb600000,0x00000000eb6c6c08,0x00000000eb700000)
  to   space 1024K, 0% used [0x00000000eb500000,0x00000000eb500000,0x00000000eb600000)
 ParOldGen       total 451584K, used 451425K [0x00000000c0000000, 0x00000000db900000, 0x00000000eab00000)
  object space 451584K, 99% used [0x00000000c0000000,0x00000000db8d8578,0x00000000db900000)
 Metaspace       used 68796K, committed 70336K, reserved 1114112K
  class space    used 7189K, committed 7872K, reserved 1048576K
}
Event: 78.651 GC heap after
{Heap after GC invocations=556 (full 3):
 PSYoungGen      total 10752K, used 658K [0x00000000eab00000, 0x00000000eb680000, 0x0000000100000000)
  eden space 9728K, 0% used [0x00000000eab00000,0x00000000eab00000,0x00000000eb480000)
  from space 1024K, 64% used [0x00000000eb500000,0x00000000eb5a4928,0x00000000eb600000)
  to   space 512K, 0% used [0x00000000eb600000,0x00000000eb600000,0x00000000eb680000)
 ParOldGen       total 452096K, used 451729K [0x00000000c0000000, 0x00000000db980000, 0x00000000eab00000)
  object space 452096K, 99% used [0x00000000c0000000,0x00000000db924578,0x00000000db980000)
 Metaspace       used 68796K, committed 70336K, reserved 1114112K
  class space    used 7189K, committed 7872K, reserved 1048576K
}
Event: 78.765 GC heap before
{Heap before GC invocations=557 (full 3):
 PSYoungGen      total 10752K, used 10386K [0x00000000eab00000, 0x00000000eb680000, 0x0000000100000000)
  eden space 9728K, 100% used [0x00000000eab00000,0x00000000eb480000,0x00000000eb480000)
  from space 1024K, 64% used [0x00000000eb500000,0x00000000eb5a4928,0x00000000eb600000)
  to   space 512K, 0% used [0x00000000eb600000,0x00000000eb600000,0x00000000eb680000)
 ParOldGen       total 452096K, used 451729K [0x00000000c0000000, 0x00000000db980000, 0x00000000eab00000)
  object space 452096K, 99% used [0x00000000c0000000,0x00000000db924578,0x00000000db980000)
 Metaspace       used 68796K, committed 70336K, reserved 1114112K
  class space    used 7189K, committed 7872K, reserved 1048576K
}
Event: 78.769 GC heap after
{Heap after GC invocations=557 (full 3):
 PSYoungGen      total 9728K, used 502K [0x00000000eab00000, 0x00000000eb880000, 0x0000000100000000)
  eden space 9216K, 0% used [0x00000000eab00000,0x00000000eab00000,0x00000000eb400000)
  from space 512K, 98% used [0x00000000eb600000,0x00000000eb67d808,0x00000000eb680000)
  to   space 2048K, 0% used [0x00000000eb400000,0x00000000eb400000,0x00000000eb600000)
 ParOldGen       total 453120K, used 452851K [0x00000000c0000000, 0x00000000dba80000, 0x00000000eab00000)
  object space 453120K, 99% used [0x00000000c0000000,0x00000000dba3cea0,0x00000000dba80000)
 Metaspace       used 68796K, committed 70336K, reserved 1114112K
  class space    used 7189K, committed 7872K, reserved 1048576K
}

